2017-10-28 10:24:41,100 INFO o.a.j.u.JMeterUtils: Setting Locale to en_US
2017-10-28 10:24:41,114 INFO o.a.j.JMeter: Loading user properties from: user.properties
2017-10-28 10:24:41,114 INFO o.a.j.JMeter: Loading system properties from: system.properties
2017-10-28 10:24:41,122 INFO o.a.j.JMeter: Copyright (c) 1998-2017 The Apache Software Foundation
2017-10-28 10:24:41,122 INFO o.a.j.JMeter: Version 3.2 r1790748
2017-10-28 10:24:41,122 INFO o.a.j.JMeter: java.version=1.8.0_121
2017-10-28 10:24:41,123 INFO o.a.j.JMeter: java.vm.name=Java HotSpot(TM) 64-Bit Server VM
2017-10-28 10:24:41,123 INFO o.a.j.JMeter: os.name=Mac OS X
2017-10-28 10:24:41,123 INFO o.a.j.JMeter: os.arch=x86_64
2017-10-28 10:24:41,123 INFO o.a.j.JMeter: os.version=10.12.1
2017-10-28 10:24:41,123 INFO o.a.j.JMeter: file.encoding=UTF-8
2017-10-28 10:24:41,123 INFO o.a.j.JMeter: Max memory     =1908932608
2017-10-28 10:24:41,123 INFO o.a.j.JMeter: Available Processors =4
2017-10-28 10:24:41,127 INFO o.a.j.JMeter: Default Locale=English (United States)
2017-10-28 10:24:41,127 INFO o.a.j.JMeter: JMeter  Locale=English (United States)
2017-10-28 10:24:41,127 INFO o.a.j.JMeter: JMeterHome=/Users/toannq/Downloads/Jenkins/GitHub/advance.jmeter/apache-jmeter-3.2
2017-10-28 10:24:41,128 INFO o.a.j.JMeter: user.dir  =/Users/toannq/Downloads/Jenkins/GitHub/advance.jmeter/apache-jmeter-3.2/bin
2017-10-28 10:24:41,128 INFO o.a.j.JMeter: PWD       =/Users/toannq/Downloads/Jenkins/GitHub/advance.jmeter/apache-jmeter-3.2/bin
2017-10-28 10:24:46,132 INFO o.a.j.JMeter: IP: 10.1.92.182 Name: Nguyens-MacBook-Air.local FullName: 10.1.92.182
2017-10-28 10:24:48,450 INFO o.a.j.g.a.LookAndFeelCommand: Using look and feel: com.apple.laf.AquaLookAndFeel [Mac OS X, System]
2017-10-28 10:24:48,457 INFO o.a.j.JMeter: Loaded icon properties from org/apache/jmeter/images/icon.properties
2017-10-28 10:24:49,226 INFO o.a.j.e.u.CompoundVariable: Note: Function class names must contain the string: '.functions.'
2017-10-28 10:24:49,226 INFO o.a.j.e.u.CompoundVariable: Note: Function class names must not contain the string: '.gui.'
2017-10-28 10:24:51,418 INFO o.a.j.g.u.MenuFactory: Skipping org.apache.jmeter.assertions.BSFAssertion
2017-10-28 10:24:51,841 INFO o.a.j.g.u.MenuFactory: Skipping org.apache.jmeter.extractor.BSFPostProcessor
2017-10-28 10:24:51,884 INFO o.a.j.g.u.MenuFactory: Skipping org.apache.jmeter.modifiers.BSFPreProcessor
2017-10-28 10:24:51,929 INFO o.a.j.p.h.s.HTTPSamplerBase: Parser for text/html is org.apache.jmeter.protocol.http.parser.LagartoBasedHtmlParser
2017-10-28 10:24:51,930 INFO o.a.j.p.h.s.HTTPSamplerBase: Parser for application/xhtml+xml is org.apache.jmeter.protocol.http.parser.LagartoBasedHtmlParser
2017-10-28 10:24:51,930 INFO o.a.j.p.h.s.HTTPSamplerBase: Parser for application/xml is org.apache.jmeter.protocol.http.parser.LagartoBasedHtmlParser
2017-10-28 10:24:51,930 INFO o.a.j.p.h.s.HTTPSamplerBase: Parser for text/xml is org.apache.jmeter.protocol.http.parser.LagartoBasedHtmlParser
2017-10-28 10:24:51,930 INFO o.a.j.p.h.s.HTTPSamplerBase: Parser for text/vnd.wap.wml is org.apache.jmeter.protocol.http.parser.RegexpHTMLParser
2017-10-28 10:24:51,930 INFO o.a.j.p.h.s.HTTPSamplerBase: Parser for text/css is org.apache.jmeter.protocol.http.parser.CssParser
2017-10-28 10:24:52,427 INFO o.a.j.e.KeyToolUtils: keytool found at 'keytool'
2017-10-28 10:24:52,428 INFO o.a.j.p.h.p.ProxyControl: HTTP(S) Test Script Recorder SSL Proxy will use keys that support embedded 3rd party resources in file /Users/toannq/Downloads/Jenkins/GitHub/advance.jmeter/apache-jmeter-3.2/bin/proxyserver.jks
2017-10-28 10:24:52,632 INFO o.a.j.g.u.MenuFactory: Skipping org.apache.jmeter.protocol.java.sampler.BSFSampler
2017-10-28 10:24:52,715 INFO o.a.j.s.FileServer: Default base='/Users/toannq/Downloads/Jenkins/GitHub/advance.jmeter/apache-jmeter-3.2/bin'
2017-10-28 10:24:52,865 INFO o.a.j.g.u.MenuFactory: Skipping org.apache.jmeter.protocol.mongodb.config.MongoSourceElement
2017-10-28 10:24:52,866 INFO o.a.j.g.u.MenuFactory: Skipping org.apache.jmeter.protocol.mongodb.sampler.MongoScriptSampler
2017-10-28 10:24:53,127 INFO o.a.j.g.u.MenuFactory: Skipping org.apache.jmeter.timers.BSFTimer
2017-10-28 10:24:53,177 INFO o.a.j.g.u.MenuFactory: Skipping org.apache.jmeter.visualizers.BSFListener
2017-10-28 10:24:53,347 INFO o.a.j.s.SampleResult: Note: Sample TimeStamps are START times
2017-10-28 10:24:53,347 INFO o.a.j.s.SampleResult: sampleresult.default.encoding is set to ISO-8859-1
2017-10-28 10:24:53,347 INFO o.a.j.s.SampleResult: sampleresult.useNanoTime=true
2017-10-28 10:24:53,347 INFO o.a.j.s.SampleResult: sampleresult.nanoThreadSleep=5000
2017-10-28 10:25:02,823 INFO o.j.r.PluginManager: Plugins Status: [jpgc-dummy=0.2, jpgc-plugins-manager=0.16, jmeter-core=3.2, jmeter-ftp=3.2, jmeter-http=3.2, jmeter-jdbc=3.2, jmeter-jms=3.2, jmeter-junit=3.2, jmeter-java=3.2, jmeter-ldap=3.2, jmeter-mail=3.2, jmeter-mongodb=3.2, jmeter-native=3.2, jmeter-tcp=3.2, jmeter-components=3.2]
2017-10-28 10:25:16,283 INFO o.a.j.g.a.Load: Loading file: /Users/toannq/Downloads/Jenkins/GitHub/advance.jmeter/jmeter/projects/sample_project_a/sample_scenario_1/jmeter.jmx
2017-10-28 10:25:16,283 INFO o.a.j.s.FileServer: Set new base='/Users/toannq/Downloads/Jenkins/GitHub/advance.jmeter/jmeter/projects/sample_project_a/sample_scenario_1'
2017-10-28 10:25:16,476 INFO o.a.j.s.SaveService: Testplan (JMX) version: 2.2. Testlog (JTL) version: 2.2
2017-10-28 10:25:16,486 INFO o.a.j.s.SaveService: Using SaveService properties file encoding UTF-8
2017-10-28 10:25:16,489 INFO o.a.j.s.SaveService: Using SaveService properties version 3.2
2017-10-28 10:25:16,493 INFO o.a.j.s.SaveService: Loading file: /Users/toannq/Downloads/Jenkins/GitHub/advance.jmeter/jmeter/projects/sample_project_a/sample_scenario_1/jmeter.jmx
2017-10-28 10:25:17,373 INFO o.a.j.s.FileServer: Set new base='/Users/toannq/Downloads/Jenkins/GitHub/advance.jmeter/jmeter/projects/sample_project_a/sample_scenario_1'
2017-10-28 10:25:23,468 INFO o.a.j.e.StandardJMeterEngine: Running the test!
2017-10-28 10:25:23,470 INFO o.a.j.s.SampleEvent: List of sample_variables: []
2017-10-28 10:25:23,471 INFO o.a.j.s.SampleEvent: List of sample_variables: []
2017-10-28 10:25:23,577 INFO o.a.j.g.u.JMeterMenuBar: setRunning(true, *local*)
2017-10-28 10:25:23,817 INFO o.a.j.e.StandardJMeterEngine: Starting ThreadGroup: 1 : Thread Group
2017-10-28 10:25:23,817 INFO o.a.j.e.StandardJMeterEngine: Starting 10 threads for group Thread Group.
2017-10-28 10:25:23,817 INFO o.a.j.e.StandardJMeterEngine: Thread will continue on error
2017-10-28 10:25:23,818 INFO o.a.j.t.ThreadGroup: Starting thread group... number=1 threads=10 ramp-up=1 perThread=100.0 delayedStart=false
2017-10-28 10:25:23,834 INFO o.a.j.t.JMeterThread: Thread started: Thread Group 1-1
2017-10-28 10:25:23,857 INFO o.a.j.t.ThreadGroup: Started thread group number 1
2017-10-28 10:25:23,859 INFO o.a.j.e.StandardJMeterEngine: All thread groups have been started
2017-10-28 10:25:23,935 INFO o.a.j.t.JMeterThread: Thread started: Thread Group 1-2
2017-10-28 10:25:24,038 INFO o.a.j.t.JMeterThread: Thread started: Thread Group 1-3
2017-10-28 10:25:24,137 INFO o.a.j.t.JMeterThread: Thread started: Thread Group 1-4
2017-10-28 10:25:24,245 INFO o.a.j.t.JMeterThread: Thread started: Thread Group 1-5
2017-10-28 10:25:24,350 INFO o.a.j.t.JMeterThread: Thread started: Thread Group 1-6
2017-10-28 10:25:24,448 INFO o.a.j.p.j.s.JSR223Sampler: Model: Anonymous Users 40
2017-10-28 10:25:24,450 INFO o.a.j.p.j.s.JSR223Sampler: Model: Anonymous Users 40
2017-10-28 10:25:24,451 INFO o.a.j.t.JMeterThread: Thread started: Thread Group 1-7
2017-10-28 10:25:24,452 INFO o.a.j.p.j.s.JSR223Sampler: Model: Anonymous Users 40
2017-10-28 10:25:24,455 INFO o.a.j.p.j.s.JSR223Sampler: Model: Anonymous Users 40
2017-10-28 10:25:24,457 INFO o.a.j.p.j.s.JSR223Sampler: Model: Anonymous Users 40
2017-10-28 10:25:24,459 INFO o.a.j.p.j.s.JSR223Sampler: Model: Anonymous Users 40
2017-10-28 10:25:24,459 INFO o.a.j.p.j.s.JSR223Sampler: Model: Anonymous Users 40
2017-10-28 10:25:24,460 INFO o.a.j.p.j.s.JSR223Sampler: Model: Authenticated Users 30
2017-10-28 10:25:24,461 INFO o.a.j.p.j.s.JSR223Sampler: Model: Search 20
2017-10-28 10:25:24,461 INFO o.a.j.p.j.s.JSR223Sampler: Model: Cart 10
2017-10-28 10:25:24,462 INFO o.a.j.p.j.s.JSR223Sampler: Model: Authenticated Users 30
2017-10-28 10:25:24,462 INFO o.a.j.p.j.s.JSR223Sampler: Model: Search 20
2017-10-28 10:25:24,462 INFO o.a.j.p.j.s.JSR223Sampler: Model: Cart 10
2017-10-28 10:25:24,462 INFO o.a.j.p.j.s.JSR223Sampler: Model: Authenticated Users 30
2017-10-28 10:25:24,463 INFO o.a.j.p.j.s.JSR223Sampler: Model: Search 20
2017-10-28 10:25:24,463 INFO o.a.j.p.j.s.JSR223Sampler: Model: Cart 10
2017-10-28 10:25:24,464 INFO o.a.j.p.j.s.JSR223Sampler: Model: Authenticated Users 30
2017-10-28 10:25:24,464 INFO o.a.j.p.j.s.JSR223Sampler: Model: Search 20
2017-10-28 10:25:24,467 INFO o.a.j.p.j.s.JSR223Sampler: Model: Authenticated Users 30
2017-10-28 10:25:24,467 INFO o.a.j.p.j.s.JSR223Sampler: Model: Search 20
2017-10-28 10:25:24,468 INFO o.a.j.p.j.s.JSR223Sampler: Model: Cart 10
2017-10-28 10:25:24,470 INFO o.a.j.p.j.s.JSR223Sampler: Model: Authenticated Users 30
2017-10-28 10:25:24,470 INFO o.a.j.p.j.s.JSR223Sampler: Model: Search 20
2017-10-28 10:25:24,470 INFO o.a.j.p.j.s.JSR223Sampler: Model: Cart 10
2017-10-28 10:25:24,471 INFO o.a.j.p.j.s.JSR223Sampler: Model: Cart 10
2017-10-28 10:25:24,475 INFO o.a.j.p.j.s.JSR223Sampler: Model: Authenticated Users 30
2017-10-28 10:25:24,476 INFO o.a.j.p.j.s.JSR223Sampler: Model: Search 20
2017-10-28 10:25:24,476 INFO o.a.j.p.j.s.JSR223Sampler: Model: Cart 10
2017-10-28 10:25:24,551 INFO o.a.j.t.JMeterThread: Thread started: Thread Group 1-8
2017-10-28 10:25:24,659 INFO o.a.j.t.JMeterThread: Thread started: Thread Group 1-9
2017-10-28 10:25:24,690 INFO o.a.j.p.j.s.JSR223Sampler: Model: Anonymous Users 40
2017-10-28 10:25:24,690 INFO o.a.j.p.j.s.JSR223Sampler: Model: Authenticated Users 30
2017-10-28 10:25:24,690 INFO o.a.j.p.j.s.JSR223Sampler: Model: Search 20
2017-10-28 10:25:24,691 INFO o.a.j.p.j.s.JSR223Sampler: Model: Cart 10
2017-10-28 10:25:24,694 INFO o.a.j.p.j.s.JSR223Sampler: Model: Anonymous Users 40
2017-10-28 10:25:24,694 INFO o.a.j.p.j.s.JSR223Sampler: Model: Authenticated Users 30
2017-10-28 10:25:24,694 INFO o.a.j.p.j.s.JSR223Sampler: Model: Search 20
2017-10-28 10:25:24,694 INFO o.a.j.p.j.s.JSR223Sampler: Model: Cart 10
2017-10-28 10:25:24,761 INFO o.a.j.t.JMeterThread: Thread started: Thread Group 1-10
2017-10-28 10:25:24,764 INFO o.a.j.p.j.s.JSR223Sampler: Model: Anonymous Users 40
2017-10-28 10:25:24,765 INFO o.a.j.p.j.s.JSR223Sampler: Model: Authenticated Users 30
2017-10-28 10:25:24,765 INFO o.a.j.p.j.s.JSR223Sampler: Model: Search 20
2017-10-28 10:25:24,765 INFO o.a.j.p.j.s.JSR223Sampler: Model: Cart 10
2017-10-28 10:25:24,881 INFO o.a.j.t.JMeterThread: Thread is done: Thread Group 1-7
2017-10-28 10:25:24,881 INFO o.a.j.t.JMeterThread: Thread finished: Thread Group 1-7
2017-10-28 10:25:24,882 INFO o.a.j.t.JMeterThread: Thread is done: Thread Group 1-4
2017-10-28 10:25:24,882 INFO o.a.j.t.JMeterThread: Thread finished: Thread Group 1-4
2017-10-28 10:25:24,884 INFO o.a.j.t.JMeterThread: Thread is done: Thread Group 1-8
2017-10-28 10:25:24,884 INFO o.a.j.t.JMeterThread: Thread finished: Thread Group 1-8
2017-10-28 10:25:25,021 INFO o.a.j.m.JSR223PreProcessor: [writing, learning, fishing, cooking, movies]
2017-10-28 10:25:25,021 INFO o.a.j.m.JSR223PreProcessor: [football, cooking, sport]
2017-10-28 10:25:25,021 INFO o.a.j.m.JSR223PreProcessor: [learning, dancing, football, fishing, shopping, cooking, writing, movies]
2017-10-28 10:25:25,022 INFO o.a.j.m.JSR223PreProcessor: [learning, movies, shopping, fishing, dancing, football]
2017-10-28 10:25:25,030 INFO o.a.j.m.JSR223PreProcessor: false
2017-10-28 10:25:25,030 INFO o.a.j.m.JSR223PreProcessor: [[type:Company, address:rPGMoKz]]
2017-10-28 10:25:25,031 INFO o.a.j.m.JSR223PreProcessor: true
2017-10-28 10:25:25,032 INFO o.a.j.m.JSR223PreProcessor: [[type:Company, address:K5Umq S2xEjkcJfM0], [type:Home, address:zatgR1 NWDunaGU]]
2017-10-28 10:25:25,037 INFO o.a.j.m.JSR223PreProcessor: [[type:Home, number:1530687206], [type:Mobile, number:6207276241]]
2017-10-28 10:25:25,037 INFO o.a.j.m.JSR223PreProcessor: [[type:Mobile, number:230801142], [type:Home, number:5754797454], [type:Work, number:1529500324]]
2017-10-28 10:25:25,038 INFO o.a.j.m.JSR223PreProcessor: []
2017-10-28 10:25:25,041 INFO o.a.j.m.JSR223PreProcessor: true
2017-10-28 10:25:25,041 INFO o.a.j.m.JSR223PreProcessor: [[type:Company, address:yK HI3 i75qb9B DY9BBKwPYKT6], [type:Home, address:f9nLQ8wiS9N 4I uDF7xJp U9G4 NFPqUQQOMmfEav]]
2017-10-28 10:25:25,043 INFO o.a.j.m.JSR223PreProcessor: [[type:Home, number:1868482197], [type:Home, number:6615887604], [type:Mobile, number:1258239291]]
2017-10-28 10:25:25,044 INFO o.a.j.m.JSR223PreProcessor: [JBIPgPko2ToeOG@gmail.com, XGJ34AEAh0ria@gmail.com]
2017-10-28 10:25:25,047 INFO o.a.j.m.JSR223PreProcessor: [BEWW@gmail.com, QJB5ItLd4YKYq@gmail.com, iAH@gmail.com]
2017-10-28 10:25:25,049 INFO o.a.j.m.JSR223PreProcessor: true
2017-10-28 10:25:25,050 INFO o.a.j.m.JSR223PreProcessor: [[type:Company, address:psVUrAF0W1 zLep48Trw], [type:Home, address:pTrOtk7VB clbeb na6oUWEghvHw JO RySB0vGG INYtQG0 uYY7QSL76]]
2017-10-28 10:25:25,051 INFO o.a.j.m.JSR223PreProcessor: [[type:Home, number:8454021775], [type:Home, number:8652528953]]
2017-10-28 10:25:25,054 INFO o.a.j.m.JSR223PreProcessor: [arKFehjxF2zJ9g@gmail.com, XoJ@gmail.com]
2017-10-28 10:25:25,066 INFO o.a.j.m.JSR223PreProcessor: {
    "name": "UMoIGE9z8LDkdMDjHxQj5l5D17Tl",
    "age": 43,
    "isMarriage": false,
    "hasChild": false,
    "hobbies": [
        "writing",
        "learning",
        "fishing",
        "cooking",
        "movies"
    ],
    "information": {
        "hasOwnHouse": false,
        "locations": [
            {
                "type": "Company",
                "address": "rPGMoKz"
            }
        ],
        "contact": {
            "phone": [
                {
                    "type": "Mobile",
                    "number": 230801142
                },
                {
                    "type": "Home",
                    "number": 5754797454
                },
                {
                    "type": "Work",
                    "number": 1529500324
                }
            ]
        },
        "emails": [
            
        ]
    }
}
2017-10-28 10:25:25,068 INFO o.a.j.m.JSR223PreProcessor: {
    "name": "abxzW5jUiNi0awDUMWshxVJz4",
    "age": 50,
    "isMarriage": true,
    "hasChild": true,
    "hobbies": [
        "learning",
        "movies",
        "shopping",
        "fishing",
        "dancing",
        "football"
    ],
    "information": {
        "hasOwnHouse": true,
        "locations": [
            {
                "type": "Company",
                "address": "psVUrAF0W1 zLep48Trw"
            },
            {
                "type": "Home",
                "address": "pTrOtk7VB clbeb na6oUWEghvHw JO RySB0vGG INYtQG0 uYY7QSL76"
            }
        ],
        "contact": {
            "phone": [
                {
                    "type": "Home",
                    "number": 8454021775
                },
                {
                    "type": "Home",
                    "number": 8652528953
                }
            ]
        },
        "emails": [
            "arKFehjxF2zJ9g@gmail.com",
            "XoJ@gmail.com"
        ]
    }
}
2017-10-28 10:25:25,071 INFO o.a.j.m.JSR223PreProcessor: {
    "name": "z1faiZpA8tI3aKi4RhF6t",
    "age": 27,
    "isMarriage": false,
    "hasChild": false,
    "hobbies": [
        "learning",
        "dancing",
        "football",
        "fishing",
        "shopping",
        "cooking",
        "writing",
        "movies"
    ],
    "information": {
        "hasOwnHouse": true,
        "locations": [
            {
                "type": "Company",
                "address": "yK HI3 i75qb9B DY9BBKwPYKT6"
            },
            {
                "type": "Home",
                "address": "f9nLQ8wiS9N 4I uDF7xJp U9G4 NFPqUQQOMmfEav"
            }
        ],
        "contact": {
            "phone": [
                {
                    "type": "Home",
                    "number": 1868482197
                },
                {
                    "type": "Home",
                    "number": 6615887604
                },
                {
                    "type": "Mobile",
                    "number": 1258239291
                }
            ]
        },
        "emails": [
            "BEWW@gmail.com",
            "QJB5ItLd4YKYq@gmail.com",
            "iAH@gmail.com"
        ]
    }
}
2017-10-28 10:25:25,072 INFO o.a.j.m.JSR223PreProcessor: {
    "name": "QfrHFgttbLb9C3XL0eZqSa60y",
    "age": 43,
    "isMarriage": false,
    "hasChild": true,
    "hobbies": [
        "football",
        "cooking",
        "sport"
    ],
    "information": {
        "hasOwnHouse": true,
        "locations": [
            {
                "type": "Company",
                "address": "K5Umq S2xEjkcJfM0"
            },
            {
                "type": "Home",
                "address": "zatgR1 NWDunaGU"
            }
        ],
        "contact": {
            "phone": [
                {
                    "type": "Home",
                    "number": 1530687206
                },
                {
                    "type": "Mobile",
                    "number": 6207276241
                }
            ]
        },
        "emails": [
            "JBIPgPko2ToeOG@gmail.com",
            "XGJ34AEAh0ria@gmail.com"
        ]
    }
}
2017-10-28 10:25:25,137 INFO o.a.j.t.JMeterThread: Thread is done: Thread Group 1-1
2017-10-28 10:25:25,137 INFO o.a.j.t.JMeterThread: Thread finished: Thread Group 1-1
2017-10-28 10:25:25,309 INFO o.a.j.t.JMeterThread: Thread is done: Thread Group 1-6
2017-10-28 10:25:25,309 INFO o.a.j.t.JMeterThread: Thread finished: Thread Group 1-6
2017-10-28 10:25:25,320 INFO o.a.j.t.JMeterThread: Thread is done: Thread Group 1-9
2017-10-28 10:25:25,320 INFO o.a.j.t.JMeterThread: Thread finished: Thread Group 1-9
2017-10-28 10:25:25,350 INFO o.a.j.t.JMeterThread: Thread is done: Thread Group 1-10
2017-10-28 10:25:25,350 INFO o.a.j.t.JMeterThread: Thread finished: Thread Group 1-10
2017-10-28 10:25:25,520 INFO o.a.j.t.JMeterThread: Thread is done: Thread Group 1-2
2017-10-28 10:25:25,520 INFO o.a.j.t.JMeterThread: Thread finished: Thread Group 1-2
2017-10-28 10:25:25,704 INFO o.a.j.t.JMeterThread: Thread is done: Thread Group 1-3
2017-10-28 10:25:25,704 INFO o.a.j.t.JMeterThread: Thread finished: Thread Group 1-3
2017-10-28 10:25:25,853 INFO o.a.j.t.JMeterThread: Thread is done: Thread Group 1-5
2017-10-28 10:25:25,854 INFO o.a.j.t.JMeterThread: Thread finished: Thread Group 1-5
2017-10-28 10:25:25,854 INFO o.a.j.e.StandardJMeterEngine: Notifying test listeners of end of test
2017-10-28 10:25:25,855 INFO o.a.j.g.u.JMeterMenuBar: setRunning(false, *local*)
